2025-07-25 15:45:43,431 | WARNING | Created default config.ini; edit EMAIL_FOLDER if needed.
2025-07-25 15:45:43,454 | INFO | Found 185 eml files in C:\Users\Jeff.Masingill\Desktop\Lead Bringer Email Offers
2025-07-25 15:45:53,584 | INFO | No new offers detected – all up to date.
2025-07-25 15:55:24,440 | INFO | 185 eml files found in C:\Users\Jeff.Masingill\Desktop\Lead Bringer Email Offers
2025-07-25 15:55:32,596 | INFO | No new offers – up to date.
2025-07-25 16:00:33,502 | INFO | 185 eml files found in C:\Users\Jeff.Masingill\Desktop\Lead Bringer Email Offers
2025-07-25 16:00:42,512 | INFO | No new offers – up to date.
2025-07-25 16:11:41,438 | INFO | 185 eml files found in C:\Users\Jeff.Masingill\Desktop\Lead Bringer Email Offers
2025-07-25 16:11:41,556 | INFO | Parsed Fwd SLP - Capstone Shingles - 10+ Trucks…
2025-07-25 16:11:41,561 | INFO | Parsed KOF 2885484 - Shippenville, PA - Akron, OH - SLP P…
2025-07-25 16:11:41,629 | INFO | Parsed SLP - #4 SYP 2x4 Lumber offer-1…
2025-07-25 16:11:41,776 | INFO | Parsed SLP - #4 SYP 2x4 Lumber offer-2…
2025-07-25 16:11:41,870 | INFO | Parsed SLP - #4 SYP 2x4 Lumber offer…
2025-07-25 16:11:41,909 | INFO | Parsed SLP - 12mm A-Grade Laminate Closeout-1…
2025-07-25 16:11:41,948 | INFO | Parsed SLP - 12mm A-Grade Laminate Closeout-2…
2025-07-25 16:11:41,983 | INFO | Parsed SLP - 12mm A-Grade Laminate Closeout…
2025-07-25 16:11:42,141 | INFO | Parsed SLP - 5MM Waterproof SPC Specials !!!-1…
2025-07-25 16:11:42,307 | INFO | Parsed SLP - 5MM Waterproof SPC Specials !!!-2…
2025-07-25 16:11:42,458 | INFO | Parsed SLP - 5MM Waterproof SPC Specials !!!…
2025-07-25 16:11:42,488 | INFO | Parsed SLP - 5mm w_ Pad Waterproof SPC Flooring- TRUCK # …
2025-07-25 16:11:42,497 | INFO | Parsed SLP - 6 & 6.5mm Waterproof Plank Truckloads - STEA…
2025-07-25 16:11:42,507 | INFO | Parsed SLP - 6 & 6.5mm Waterproof Plank Truckloads - STEA…
2025-07-25 16:11:42,515 | INFO | Parsed SLP - 6 & 6.5mm Waterproof Plank Truckloads - STEA…
2025-07-25 16:11:42,530 | INFO | Parsed SLP - 6 & 6.5mm Waterproof Plank Truckloads - STEA…
2025-07-25 16:11:42,541 | INFO | Parsed SLP - 6 & 6.5mm Waterproof Plank Truckloads - STEA…
2025-07-25 16:11:42,549 | INFO | Parsed SLP - 6 & 6.5mm Waterproof Plank Truckloads - STEA…
2025-07-25 16:11:42,557 | INFO | Parsed SLP - 6 & 6.5mm Waterproof Plank Truckloads - STEA…
2025-07-25 16:11:42,566 | INFO | Parsed SLP - 6 & 6.5mm Waterproof Plank Truckloads - STEA…
2025-07-25 16:11:42,575 | INFO | Parsed SLP - 6 & 6.5mm Waterproof Plank Truckloads - STEA…
2025-07-25 16:11:42,583 | INFO | Parsed SLP - 6 & 6.5mm Waterproof Plank Truckloads - STEA…
2025-07-25 16:11:42,591 | INFO | Parsed SLP - 6 & 6.5mm Waterproof Plank Truckloads - STEA…
2025-07-25 16:11:42,600 | INFO | Parsed SLP - 6 & 6.5mm Waterproof Plank Truckloads - STEA…
2025-07-25 16:11:42,655 | INFO | Parsed SLP - 6mm_22mil A-Grade Waterproof Truckloads-1…
2025-07-25 16:11:42,708 | INFO | Parsed SLP - 6mm_22mil A-Grade Waterproof Truckloads-2…
2025-07-25 16:11:42,762 | INFO | Parsed SLP - 6mm_22mil A-Grade Waterproof Truckloads…
2025-07-25 16:11:42,768 | INFO | Parsed SLP - BIG Lumber Sale!…
2025-07-25 16:11:42,785 | INFO | Parsed SLP - Brown Box B-Grade Laminate Loads - PRICE RED…
2025-07-25 16:11:42,804 | INFO | Parsed SLP - Brown Box B-Grade Laminate Loads - PRICE RED…
2025-07-25 16:11:42,823 | INFO | Parsed SLP - Brown Box B-Grade Laminate Loads - PRICE RED…
2025-07-25 16:11:42,876 | INFO | Parsed SLP - Cabin Grade SOLIDS Prefinished-1…
2025-07-25 16:11:42,931 | INFO | Parsed SLP - Cabin Grade SOLIDS Prefinished…
2025-07-25 16:11:43,013 | INFO | Parsed SLP - Capstone Shingles-1…
2025-07-25 16:11:43,099 | INFO | Parsed SLP - Capstone Shingles-2…
2025-07-25 16:11:43,176 | INFO | Parsed SLP - Capstone Shingles-3…
2025-07-25 16:11:43,253 | INFO | Parsed SLP - Capstone Shingles-4…
2025-07-25 16:11:43,328 | INFO | Parsed SLP - Capstone Shingles…
2025-07-25 16:11:43,342 | INFO | Parsed SLP - COMMERCIAL ROLL ROOFING DEAL-1…
2025-07-25 16:11:43,357 | INFO | Parsed SLP - COMMERCIAL ROLL ROOFING DEAL-2…
2025-07-25 16:11:43,367 | INFO | Parsed SLP - COMMERCIAL ROLL ROOFING DEAL-3…
2025-07-25 16:11:43,381 | INFO | Parsed SLP - COMMERCIAL ROLL ROOFING DEAL…
2025-07-25 16:11:43,389 | INFO | Parsed SLP - COMMERCIAL ROOFING ROLLS DEAL!!!! $4.55 PER …
2025-07-25 16:11:43,396 | INFO | Parsed SLP - COMMERCIAL ROOFING ROLLS DEAL!!!! $4.55 PER …
2025-07-25 16:11:43,402 | INFO | Parsed SLP - COMMERCIAL ROOFING ROLLS DEAL!!!! $4.55 PER …
2025-07-25 16:11:43,409 | INFO | Parsed SLP - COMMERCIAL ROOFING ROLLS DEAL!!!! $4.55 PER …
2025-07-25 16:11:43,415 | INFO | Parsed SLP - COMMERCIAL ROOFING ROLLS DEAL!!!!-1…
2025-07-25 16:11:43,421 | INFO | Parsed SLP - COMMERCIAL ROOFING ROLLS DEAL!!!!…
2025-07-25 16:11:43,444 | INFO | Parsed SLP - CONCRETE FORMBOARD - NEW ITEM!!!!-1…
2025-07-25 16:11:43,470 | INFO | Parsed SLP - CONCRETE FORMBOARD - NEW ITEM!!!!-2…
2025-07-25 16:11:43,493 | INFO | Parsed SLP - CONCRETE FORMBOARD - NEW ITEM!!!!-3…
2025-07-25 16:11:43,517 | INFO | Parsed SLP - CONCRETE FORMBOARD - NEW ITEM!!!!-4…
2025-07-25 16:11:43,546 | INFO | Parsed SLP - CONCRETE FORMBOARD - NEW ITEM!!!!…
2025-07-25 16:11:43,553 | INFO | Parsed SLP - Concrete Formboard Deal-1…
2025-07-25 16:11:43,561 | INFO | Parsed SLP - Concrete Formboard Deal…
2025-07-25 16:11:43,566 | INFO | Parsed SLP - ELEMENTS RIGID WALL TILE-1…
2025-07-25 16:11:43,572 | INFO | Parsed SLP - ELEMENTS RIGID WALL TILE-2…
2025-07-25 16:11:43,578 | INFO | Parsed SLP - ELEMENTS RIGID WALL TILE-3…
2025-07-25 16:11:43,582 | INFO | Parsed SLP - ELEMENTS RIGID WALL TILE-4…
2025-07-25 16:11:43,589 | INFO | Parsed SLP - ELEMENTS RIGID WALL TILE-5…
2025-07-25 16:11:43,594 | INFO | Parsed SLP - ELEMENTS RIGID WALL TILE…
2025-07-25 16:11:43,632 | INFO | Parsed SLP - Engineered Cabin Grade Sawn-1…
2025-07-25 16:11:43,666 | INFO | Parsed SLP - Engineered Cabin Grade Sawn…
2025-07-25 16:11:43,673 | INFO | Parsed SLP - Exterior Door Slabs-1…
2025-07-25 16:11:43,679 | INFO | Parsed SLP - Exterior Door Slabs…
2025-07-25 16:11:43,684 | INFO | Parsed SLP - Exterior Metal Door Slabs-1…
2025-07-25 16:11:43,690 | INFO | Parsed SLP - Exterior Metal Door Slabs…
2025-07-25 16:11:43,731 | INFO | Parsed SLP - EXTERIOR SIDING - 1 TRUCK!!!…
2025-07-25 16:11:43,797 | INFO | Parsed SLP - EXTERIOR SIDING TRIM BOARDS - Updated Invent…
2025-07-25 16:11:43,856 | INFO | Parsed SLP - EXTERIOR SIDING TRIM BOARDS - Updated Invent…
2025-07-25 16:11:43,920 | INFO | Parsed SLP - EXTERIOR SIDING TRIM BOARDS - Updated Invent…
2025-07-25 16:11:43,982 | INFO | Parsed SLP - EXTERIOR SIDING TRIM BOARDS - Updated Invent…
2025-07-25 16:11:44,039 | INFO | Parsed SLP - EXTERIOR SIDING TRIM BOARDS - Updated Invent…
2025-07-25 16:11:44,045 | INFO | Parsed SLP - HARDIE CEMENT TRIM BOARDS…
2025-07-25 16:11:44,158 | INFO | Parsed SLP - HARDIETRIM CEMENT TRIM BOARDS - 2 TRUCKS!-1…
2025-07-25 16:11:44,276 | INFO | Parsed SLP - HARDIETRIM CEMENT TRIM BOARDS - 2 TRUCKS!-2…
2025-07-25 16:11:44,374 | INFO | Parsed SLP - HARDIETRIM CEMENT TRIM BOARDS - 2 TRUCKS!-3…
2025-07-25 16:11:44,500 | INFO | Parsed SLP - HARDIETRIM CEMENT TRIM BOARDS - 2 TRUCKS!…
2025-07-25 16:11:44,529 | INFO | Parsed SLP - HDPC Waterproof Flooring TRUCK AZ01…
2025-07-25 16:11:44,533 | INFO | Parsed SLP - I will be out of office…
2025-07-25 16:11:44,551 | INFO | Parsed SLP - Ice & Water Seconds…
2025-07-25 16:11:44,624 | INFO | Parsed SLP - IKO Economy Shingles-1…
2025-07-25 16:11:44,693 | INFO | Parsed SLP - IKO Economy Shingles…
2025-07-25 16:11:44,701 | INFO | Parsed SLP - Interior Door Slabs-1…
2025-07-25 16:11:44,705 | INFO | Parsed SLP - Interior Door Slabs…
2025-07-25 16:11:44,710 | INFO | Parsed SLP - Lap Siding Closeout Deal…
2025-07-25 16:11:44,729 | INFO | Parsed SLP - LAP SIDING CLOSEOUT-1…
2025-07-25 16:11:44,746 | INFO | Parsed SLP - LAP SIDING CLOSEOUT-2…
2025-07-25 16:11:44,764 | INFO | Parsed SLP - LAP SIDING CLOSEOUT…
2025-07-25 16:11:44,797 | INFO | Parsed SLP - MILL CERT PLYWOOD DEAL-1…
2025-07-25 16:11:44,835 | INFO | Parsed SLP - MILL CERT PLYWOOD DEAL…
2025-07-25 16:11:44,851 | INFO | Parsed SLP - Mosaics Tile Closeout - PRICE DROP-1…
2025-07-25 16:11:44,865 | INFO | Parsed SLP - Mosaics Tile Closeout - PRICE DROP…
2025-07-25 16:11:44,879 | INFO | Parsed SLP - Mosaics Tile Closeout-1…
2025-07-25 16:11:44,893 | INFO | Parsed SLP - Mosaics Tile Closeout-2…
2025-07-25 16:11:44,912 | INFO | Parsed SLP - Mosaics Tile Closeout…
2025-07-25 16:11:44,935 | INFO | Parsed SLP - OPTI-WOOD Waterproof Flooring TRUCK 2-1…
2025-07-25 16:11:44,958 | INFO | Parsed SLP - OPTI-WOOD Waterproof Flooring TRUCK 2…
2025-07-25 16:11:44,979 | INFO | Parsed SLP - OPTI-WOOD Waterproof HDPC Flooring TRUCK 1-1…
2025-07-25 16:11:44,999 | INFO | Parsed SLP - OPTI-WOOD Waterproof HDPC Flooring TRUCK 1-2…
2025-07-25 16:11:45,020 | INFO | Parsed SLP - OPTI-WOOD Waterproof HDPC Flooring TRUCK 1…
2025-07-25 16:11:45,026 | INFO | Parsed SLP - OSB DEAL…
2025-07-25 16:11:45,029 | INFO | Parsed SLP - Porcelain Plank 2nds One Color-1…
2025-07-25 16:11:45,031 | INFO | Parsed SLP - Porcelain Plank 2nds One Color-2…
2025-07-25 16:11:45,035 | INFO | Parsed SLP - Porcelain Plank 2nds One Color…
2025-07-25 16:11:45,040 | INFO | Parsed SLP - Porcelain Plank 2nds Wood Look-1…
2025-07-25 16:11:45,044 | INFO | Parsed SLP - Porcelain Plank 2nds Wood Look-2…
2025-07-25 16:11:45,047 | INFO | Parsed SLP - Porcelain Plank 2nds Wood Look-3…
2025-07-25 16:11:45,051 | INFO | Parsed SLP - Porcelain Plank 2nds Wood Look…
2025-07-25 16:11:45,056 | INFO | Parsed SLP - Porcelain Tile 2nds Best Sellers-1…
2025-07-25 16:11:45,061 | INFO | Parsed SLP - Porcelain Tile 2nds Best Sellers-2…
2025-07-25 16:11:45,066 | INFO | Parsed SLP - Porcelain Tile 2nds Best Sellers-3…
2025-07-25 16:11:45,070 | INFO | Parsed SLP - Porcelain Tile 2nds Best Sellers…
2025-07-25 16:11:45,074 | INFO | Parsed SLP - Porcelain Tile 2nds One Color…
2025-07-25 16:11:45,284 | INFO | Parsed SLP - Prehung Interior Doors…
2025-07-25 16:11:45,306 | INFO | Parsed SLP - PREMIUM LAMINATE FLOORING OFFER - Truck #01…
2025-07-25 16:11:45,321 | INFO | Parsed SLP - PREMIUM LAMINATE FLOORING OFFER - Truck #02…
2025-07-25 16:11:45,326 | INFO | Parsed SLP - PREMIUM Laminate Flooring…
2025-07-25 16:11:45,330 | INFO | Parsed SLP - Rigid Core Waterproof Flooring…
2025-07-25 16:11:45,335 | INFO | Parsed SLP - Rigid Wall Tile Deal…
2025-07-25 16:11:45,344 | INFO | Parsed SLP - Self Adhesive Granulated Special Pricing-1…
2025-07-25 16:11:45,352 | INFO | Parsed SLP - Self Adhesive Granulated Special Pricing-2…
2025-07-25 16:11:45,361 | INFO | Parsed SLP - Self Adhesive Granulated Special Pricing…
2025-07-25 16:11:45,472 | INFO | Parsed SLP - SHOP GRADE OSB!!-1…
2025-07-25 16:11:45,552 | INFO | Parsed SLP - SHOP GRADE OSB!!-2…
2025-07-25 16:11:45,638 | INFO | Parsed SLP - SHOP GRADE OSB!!-3…
2025-07-25 16:11:45,646 | INFO | Parsed SLP - SHOP GRADE OSB!!-4…
2025-07-25 16:11:45,767 | INFO | Parsed SLP - SHOP GRADE OSB!!…
2025-07-25 16:11:45,812 | INFO | Parsed SLP - SHORELINE EXTERIOR SIDING PROGRAM-1…
2025-07-25 16:11:45,854 | INFO | Parsed SLP - SHORELINE EXTERIOR SIDING PROGRAM-10…
2025-07-25 16:11:45,898 | INFO | Parsed SLP - SHORELINE EXTERIOR SIDING PROGRAM-11…
2025-07-25 16:11:45,906 | INFO | Parsed SLP - Shoreline Exterior Siding Program-12…
2025-07-25 16:11:45,953 | INFO | Parsed SLP - SHORELINE EXTERIOR SIDING PROGRAM-2…
2025-07-25 16:11:45,997 | INFO | Parsed SLP - SHORELINE EXTERIOR SIDING PROGRAM-3…
2025-07-25 16:11:46,038 | INFO | Parsed SLP - SHORELINE EXTERIOR SIDING PROGRAM-4…
2025-07-25 16:11:46,079 | INFO | Parsed SLP - SHORELINE EXTERIOR SIDING PROGRAM-5…
2025-07-25 16:11:46,124 | INFO | Parsed SLP - SHORELINE EXTERIOR SIDING PROGRAM-6…
2025-07-25 16:11:46,169 | INFO | Parsed SLP - SHORELINE EXTERIOR SIDING PROGRAM-7…
2025-07-25 16:11:46,218 | INFO | Parsed SLP - SHORELINE EXTERIOR SIDING PROGRAM-8…
2025-07-25 16:11:46,294 | INFO | Parsed SLP - SHORELINE EXTERIOR SIDING PROGRAM-9…
2025-07-25 16:11:46,333 | INFO | Parsed SLP - SHORELINE EXTERIOR SIDING PROGRAM…
2025-07-25 16:11:46,368 | INFO | Parsed SLP - Shower and Bathtubs…
2025-07-25 16:11:46,510 | INFO | Parsed SLP - SPC Program Colors & Inventory-1…
2025-07-25 16:11:46,642 | INFO | Parsed SLP - SPC Program Colors & Inventory-2…
2025-07-25 16:11:46,766 | INFO | Parsed SLP - SPC Program Colors & Inventory-3…
2025-07-25 16:11:46,893 | INFO | Parsed SLP - SPC Program Colors & Inventory…
2025-07-25 16:11:47,034 | INFO | Parsed SLP - SPC Running Line Program !!!-1…
2025-07-25 16:11:47,170 | INFO | Parsed SLP - SPC Running Line Program !!!…
2025-07-25 16:11:47,176 | INFO | Parsed SLP - Synthetic Felt Program…
2025-07-25 16:11:47,201 | INFO | Parsed SLP - TRUCKLOAD CERAMIC TILE WOOD PLANK LOOK - PRI…
2025-07-25 16:11:47,219 | INFO | Parsed SLP - TRUCKLOAD CERAMIC TILE WOOD PLANK LOOK - PRI…
2025-07-25 16:11:47,246 | INFO | Parsed SLP - TRUCKLOAD CERAMIC TILE WOOD PLANK LOOK-1…
2025-07-25 16:11:47,264 | INFO | Parsed SLP - TRUCKLOAD CERAMIC TILE WOOD PLANK LOOK…
2025-07-25 16:11:47,388 | INFO | Parsed SLP - Truckload Special. MADE IN THE U.S.A. SPC…
2025-07-25 16:11:47,410 | INFO | Parsed SLP - Waterproof Flooring 5mm Truckloads !-1…
2025-07-25 16:11:47,429 | INFO | Parsed SLP - Waterproof Flooring 5mm Truckloads !-2…
2025-07-25 16:11:47,448 | INFO | Parsed SLP - Waterproof Flooring 5mm Truckloads !-3…
2025-07-25 16:11:47,468 | INFO | Parsed SLP - Waterproof Flooring 5mm Truckloads !…
2025-07-25 16:11:47,498 | INFO | Parsed SLP - Waterproof HDPC Rigid Core - SUMMER'S BEST D…
2025-07-25 16:11:47,558 | INFO | Parsed SLP - Waterproof HDPC Stone Looks - JACKPOT !!!…
2025-07-25 16:11:47,573 | INFO | Parsed SLP - Waterproof Rigid Core Flooring TRUCK01-1…
2025-07-25 16:11:47,586 | INFO | Parsed SLP - Waterproof Rigid Core Flooring TRUCK01-2…
2025-07-25 16:11:47,603 | INFO | Parsed SLP - Waterproof Rigid Core Flooring TRUCK01-3…
2025-07-25 16:11:47,620 | INFO | Parsed SLP - Waterproof Rigid Core Flooring TRUCK01…
2025-07-25 16:11:47,649 | INFO | Parsed SLP - Waterproof Rigid Core Flooring TRUCK02-1…
2025-07-25 16:11:47,669 | INFO | Parsed SLP - Waterproof Rigid Core Flooring TRUCK02-2…
2025-07-25 16:11:47,695 | INFO | Parsed SLP - Waterproof Rigid Core Flooring TRUCK02…
2025-07-25 16:11:48,045 | INFO | Parsed SLP - Waterproof SPC 4.5mm w_ Pad-1…
2025-07-25 16:11:48,407 | INFO | Parsed SLP - Waterproof SPC 4.5mm w_ Pad-2…
2025-07-25 16:11:48,799 | INFO | Parsed SLP - Waterproof SPC 4.5mm w_ Pad…
2025-07-25 16:11:48,823 | INFO | Parsed SLP - Waterproof SPC Flooring Truckload-1…
2025-07-25 16:11:48,853 | INFO | Parsed SLP - Waterproof SPC Flooring Truckload-2…
2025-07-25 16:11:48,887 | INFO | Parsed SLP - Waterproof SPC Flooring Truckload-3…
2025-07-25 16:11:48,929 | INFO | Parsed SLP - Waterproof SPC Flooring Truckload-4…
2025-07-25 16:11:48,953 | INFO | Parsed SLP - Waterproof SPC Flooring Truckload…
2025-07-25 16:11:49,125 | INFO | Parsed SLP - Weathered Euro SALE!…
2025-07-25 16:11:49,257 | INFO | Parsed SLP - Weathered Euro-1…
2025-07-25 16:11:49,311 | INFO | Parsed SLP - Weathered Euro…
2025-07-25 16:11:49,455 | INFO | Parsed SLP - WEST COAST 6mm_22mil A-Grade Waterproof Truc…
2025-07-25 16:11:49,550 | INFO | Parsed SLP - WEST COAST 6mm_22mil A-Grade Waterproof Truc…
2025-07-25 16:11:49,618 | INFO | Parsed SLP - WEST COAST 6mm_22mil A-Grade Waterproof Truc…
2025-07-25 16:11:49,692 | INFO | Parsed SLP - WEST COAST 6mm_22mil A-Grade Waterproof Truc…
2025-07-25 16:11:49,698 | INFO | Parsed SLP out of office…
2025-07-25 16:11:49,738 | INFO | Parsed SLP- 12' STD Decking _ Weathered Stock-1…
2025-07-25 16:11:50,990 | INFO | Parsed SLP- 12' STD Decking _ Weathered Stock…
2025-07-25 16:11:54,587 | INFO | Processed 185 new emails. Wrote 185 unique offers -> C:\Users\Jeff.Masingill\Desktop\Lead Bringer Email Offers\offers_20250725_161150.json
